make all --print-data-base --no-builtin-variables --no-builtin-rules --question
# GNU Make 3.82
# Built for x86_64-redhat-linux-gnu
# Copyright (C) 2010  Free Software Foundation, Inc.
# License GPLv3+: GNU GPL version 3 or later <http://gnu.org/licenses/gpl.html>
# This is free software: you are free to change and redistribute it.
# There is NO WARRANTY, to the extent permitted by law.

# Make data base, printed on Sat Feb 12 13:46:09 2022

# Variables

# automatic
<D = $(patsubst %/,%,$(dir $<))
# automatic
?F = $(notdir $?)
# default
.SHELLFLAGS := -c
# environment
QTDIR = /usr/lib64/qt-3.3
# environment
VSCODE_AGENT_FOLDER = /storage-home/t/ty36/.vscode-server
# environment
VSCODE_LOG_NATIVE = false
# environment
MODULEPATH = /usr/share/Modules/modulefiles:/etc/modulefiles
# automatic
?D = $(patsubst %/,%,$(dir $?))
# automatic
@D = $(patsubst %/,%,$(dir $@))
# automatic
@F = $(notdir $@)
# default
MAKE_VERSION := 3.82
# makefile
CURDIR := /storage-home/t/ty36/COMP556/COMP556-Introduction-to-Comp-Network/project-1
# makefile
SHELL = /bin/sh
# environment
VSCODE_NLS_CONFIG = {"locale":"en","availableLanguages":{}}
# environment
_ = /usr/bin/make
# makefile (from `Makefile', line 3)
CFLAGS = -Wall -g
# makefile (from `Makefile', line 1)
MAKEFILE_LIST :=  Makefile
# environment
VSCODE_VERBOSE_LOGGING = true
# environment
MACHTYPE = x86_64
# environment
QT_PLUGIN_PATH = /usr/lib64/kde4/plugins:/usr/lib/kde4/plugins
# environment
LESSOPEN = ||/usr/bin/lesspipe.sh %s
# environment
VSCODE_CWD = /storage-home/t/ty36
# environment
SSH_CONNECTION = 168.5.147.54 62090 128.42.124.172 22
# environment
PATH = /storage-home/t/ty36/.vscode-server/bin/d6ee99e4c045a6716e5c653d7da8e9ae6f5a8b03/bin/remote-cli:/storage-home/t/ty36/.vscode-server/bin/d6ee99e4c045a6716e5c653d7da8e9ae6f5a8b03/bin:/usr/lib64/qt-3.3/bin:/usr/local/bin:/usr/bin:/opt/puppetlabs/bin
# makefile (from `Makefile', line 2)
LD = gcc
# environment
QT_GRAPHICSSYSTEM_CHECKED = 1
# environment
XDG_RUNTIME_DIR = /run/user/35062
# environment
VENDOR = unknown
# environment
VSCODE_LOG_STACK = false
# environment
SELINUX_USE_CURRENT_RANGE = 
# default
.FEATURES := target-specific order-only second-expansion else-if shortest-stem undefine oneshell archives jobserver check-symlink
# automatic
%F = $(notdir $%)
# environment
KDEDIRS = /usr
# environment
VSCODE_PIPE_LOGGING = true
# environment
PWD = /storage-home/t/ty36/COMP556/COMP556-Introduction-to-Comp-Network/project-1
# environment
VSCODE_IPC_HOOK_CLI = /run/user/35062/vscode-ipc-6e06a2a7-75b9-4d58-a02f-ba4bd894c8b6.sock
# automatic
*D = $(patsubst %/,%,$(dir $*))
# environment
VSCODE_AMD_ENTRYPOINT = vs/workbench/services/extensions/node/extensionHostProcess
# environment
HOME = /storage-home/t/ty36
# environment
MODULESHOME = /usr/share/Modules
# environment
LOGNAME = ty36
# environment
APPLICATION_INSIGHTS_NO_DIAGNOSTIC_CHANNEL = true
# automatic
+F = $(notdir $+)
# environment
SELINUX_LEVEL_REQUESTED = 
# environment
VSCODE_HANDLES_UNCAUGHT_ERRORS = true
# automatic
^D = $(patsubst %/,%,$(dir $^))
# environment
MAKELEVEL := 0
# default
MAKE = $(MAKE_COMMAND)
# default
MAKECMDGOALS := all
# environment
OSTYPE = linux
# environment
SHLVL = 4
# makefile (from `Makefile', line 1)
CC = gcc
# environment
XDG_SESSION_ID = 185179
# environment
USER = ty36
# environment
QTLIB = /usr/lib64/qt-3.3/lib
# automatic
%D = $(patsubst %/,%,$(dir $%))
# default
MAKE_COMMAND := make
# default
.VARIABLES := 
# environment
CVS_RSH = ssh
# automatic
*F = $(notdir $*)
# makefile
MAKEFLAGS = Rrqp
# environment
MFLAGS = -Rrqp
# environment
SSH_CLIENT = 168.5.147.54 62090 22
# environment
MAIL = /var/spool/mail/ty36
# environment
LOADEDMODULES = 
# automatic
+D = $(patsubst %/,%,$(dir $+))
# environment
BROWSER = /storage-home/t/ty36/.vscode-server/bin/d6ee99e4c045a6716e5c653d7da8e9ae6f5a8b03/bin/helpers/browser.sh
# default
MAKEFILES := 
# automatic
<F = $(notdir $<)
# environment
LC_ALL = C
# environment
HOSTTYPE = x86_64-linux
# automatic
^F = $(notdir $^)
# environment
SELINUX_ROLE_REQUESTED = 
# default
SUFFIXES := 
# environment
GROUP = student
# default
.INCLUDE_DIRS = /usr/include /usr/local/include /usr/include
# environment
QTINC = /usr/lib64/qt-3.3/include
# default
.RECIPEPREFIX := 
# makefile
.DEFAULT_GOAL := all
# environment
LANG = C
# environment
COBBLER_SERVER = rhn.rice.edu
# environment
VSCODE_EXTHOST_WILL_SEND_SOCKET = true
# environment
HOST = agate.clear.rice.edu
# variable set hash-table stats:
# Load=83/1024=8%, Rehash=0, Collisions=9/112=8%

# Pattern-specific Variable Values

# No pattern-specific variable values.

# Directories

# . (device 48, inode 2857885881): 22 files, no impossibilities.

# 22 files, no impossibilities in 1 directories.

# Implicit Rules

# No implicit rules.

# Files

all: client server
#  Command line target.
#  Implicit rule search has been done.
#  File does not exist.
#  File has been updated.
#  Needs to be updated (-q is set).
# variable set hash-table stats:
# Load=0/32=0%, Rehash=0, Collisions=0/7=0%

client: client.c
#  Implicit rule search has not been done.
#  Implicit/static pattern stem: `'
#  Last modified 2022-02-11 17:42:29.651862141
#  File has been updated.
#  Needs to be updated (-q is set).
# automatic
# @ := client
# automatic
# % := 
# automatic
# * := 
# automatic
# + := client.c
# automatic
# | := 
# automatic
# < := client.c
# automatic
# ^ := client.c
# automatic
# ? := client.c
# variable set hash-table stats:
# Load=8/32=25%, Rehash=0, Collisions=1/15=7%
#  recipe to execute (from `Makefile', line 8):
	$(CC) $(DEFS) $(CFLAGS) $(LIB) -o client client.c

# Not a target:
.SUFFIXES:
#  Implicit rule search has not been done.
#  Modification time never checked.
#  File has not been updated.

# Not a target:
Makefile:
#  Implicit rule search has been done.
#  Last modified 2022-02-10 23:28:17.601497299
#  File has been updated.
#  Successfully updated.

server: server.c
#  Implicit rule search has not been done.
#  Modification time never checked.
#  File has not been updated.
#  recipe to execute (from `Makefile', line 10):
	$(CC) $(DEFS) $(CFLAGS) $(LIB) -o server server.c

# Not a target:
client.c:
#  Implicit rule search has been done.
#  Last modified 2022-02-11 17:43:57.447318161
#  File has been updated.
#  Successfully updated.

# Not a target:
.DEFAULT:
#  Implicit rule search has not been done.
#  Modification time never checked.
#  File has not been updated.

# Not a target:
server.c:
#  Implicit rule search has not been done.
#  Modification time never checked.
#  File has not been updated.

clean:
#  Implicit rule search has not been done.
#  Modification time never checked.
#  File has not been updated.
#  recipe to execute (from `Makefile', line 12):
	rm -f *.or
	rm -f *~
	rm -f core.*
	rm -f client
	rm -f server

# files hash-table stats:
 
# Load=9/1024=1%, Rehash=0, Collisions=0/27=0%
# VPATH Search Paths

# No `vpath' search paths.

# No general (`VPATH' variable) search path.

# # of strings in strcache: 0 / lookups = 44 / hits = 44
# # of strcache buffers: 1 (* 8176 B/buffer = 8176 B)
# strcache used: total = 0 (290) / max = 0 / min = 8176 / avg = 0
# strcache free: total = 0 (7886) / max = 0 / min = 8176 / avg = 0

# strcache hash-table stats:
# Load=28/8192=0%, Rehash=0, Collisions=1/44=2%
# Finished Make data base on Sat Feb 12 13:46:09 2022

 
